[0.082s] DEBUG:colcon:Command line arguments: ['/usr/bin/colcon', 'build']
[0.082s] DEBUG:colcon:Parsed command line arguments: Namespace(log_base=None, log_level=None, verb_name='build', build_base='build', install_base='install', merge_install=False, symlink_install=False, test_result_base=None, continue_on_error=False, executor='parallel', parallel_workers=12, event_handlers=None, ignore_user_meta=False, metas=['./colcon.meta'], base_paths=['.'], packages_ignore=None, packages_ignore_regex=None, paths=None, packages_up_to=None, packages_up_to_regex=None, packages_above=None, packages_above_and_dependencies=None, packages_above_depth=None, packages_select_by_dep=None, packages_skip_by_dep=None, packages_skip_up_to=None, packages_select_build_failed=False, packages_skip_build_finished=False, packages_select_test_failures=False, packages_skip_test_passed=False, packages_select=None, packages_skip=None, packages_select_regex=None, packages_skip_regex=None, packages_start=None, packages_end=None, allow_overriding=[], cmake_args=None, cmake_target=None, cmake_target_skip_unavailable=False, cmake_clean_cache=False, cmake_clean_first=False, cmake_force_configure=False, ament_cmake_args=None, catkin_cmake_args=None, catkin_skip_building_tests=False, verb_parser=<colcon_defaults.argument_parser.defaults.DefaultArgumentsDecorator object at 0x7386ae576260>, verb_extension=<colcon_core.verb.build.BuildVerb object at 0x7386ae575e10>, main=<bound method BuildVerb.main of <colcon_core.verb.build.BuildVerb object at 0x7386ae575e10>>)
[0.239s] Level 1:colcon.colcon_core.package_discovery:discover_packages(colcon_meta) check parameters
[0.239s] Level 1:colcon.colcon_core.package_discovery:discover_packages(recursive) check parameters
[0.239s] Level 1:colcon.colcon_core.package_discovery:discover_packages(ignore) check parameters
[0.239s] Level 1:colcon.colcon_core.package_discovery:discover_packages(path) check parameters
[0.239s] Level 1:colcon.colcon_core.package_discovery:discover_packages(colcon_meta) discover
[0.239s] Level 1:colcon.colcon_core.package_discovery:discover_packages(recursive) discover
[0.239s] INFO:colcon.colcon_core.package_discovery:Crawling recursively for packages in '/home/phuc/working/a1_sim/unitree_ros2/unitree_description'
[0.239s] Level 1:colcon.colcon_core.package_identification:_identify(.) by extensions ['ignore', 'ignore_ament_install']
[0.239s] Level 1:colcon.colcon_core.package_identification:_identify(.) by extension 'ignore'
[0.239s] Level 1:colcon.colcon_core.package_identification:_identify(.) by extension 'ignore_ament_install'
[0.239s] Level 1:colcon.colcon_core.package_identification:_identify(.) by extensions ['colcon_pkg']
[0.239s] Level 1:colcon.colcon_core.package_identification:_identify(.) by extension 'colcon_pkg'
[0.239s] Level 1:colcon.colcon_core.package_identification:_identify(.) by extensions ['colcon_meta']
[0.239s] Level 1:colcon.colcon_core.package_identification:_identify(.) by extension 'colcon_meta'
[0.239s] Level 1:colcon.colcon_core.package_identification:_identify(.) by extensions ['ros']
[0.239s] Level 1:colcon.colcon_core.package_identification:_identify(.) by extension 'ros'
[0.255s] Level 1:colcon.colcon_core.package_identification:_identify(.) by extensions ['cmake', 'python']
[0.255s] Level 1:colcon.colcon_core.package_identification:_identify(.) by extension 'cmake'
[0.255s] Level 1:colcon.colcon_core.package_identification:_identify(.) by extension 'python'
[0.255s] Level 1:colcon.colcon_core.package_identification:_identify(.) by extensions ['python_setup_py']
[0.255s] Level 1:colcon.colcon_core.package_identification:_identify(.) by extension 'python_setup_py'
[0.255s] Level 1:colcon.colcon_core.package_identification:_identify(a1_description) by extensions ['ignore', 'ignore_ament_install']
[0.255s] Level 1:colcon.colcon_core.package_identification:_identify(a1_description) by extension 'ignore'
[0.255s] Level 1:colcon.colcon_core.package_identification:_identify(a1_description) by extension 'ignore_ament_install'
[0.255s] Level 1:colcon.colcon_core.package_identification:_identify(a1_description) by extensions ['colcon_pkg']
[0.255s] Level 1:colcon.colcon_core.package_identification:_identify(a1_description) by extension 'colcon_pkg'
[0.255s] Level 1:colcon.colcon_core.package_identification:_identify(a1_description) by extensions ['colcon_meta']
[0.255s] Level 1:colcon.colcon_core.package_identification:_identify(a1_description) by extension 'colcon_meta'
[0.255s] Level 1:colcon.colcon_core.package_identification:_identify(a1_description) by extensions ['ros']
[0.255s] Level 1:colcon.colcon_core.package_identification:_identify(a1_description) by extension 'ros'
[0.257s] DEBUG:colcon.colcon_core.package_identification:Package 'a1_description' with type 'ros.ament_cmake' and name 'a1_description'
[0.257s] Level 1:colcon.colcon_core.package_identification:_identify(build) by extensions ['ignore', 'ignore_ament_install']
[0.257s] Level 1:colcon.colcon_core.package_identification:_identify(build) by extension 'ignore'
[0.258s] Level 1:colcon.colcon_core.package_identification:_identify(build) ignored
[0.258s] Level 1:colcon.colcon_core.package_identification:_identify(install) by extensions ['ignore', 'ignore_ament_install']
[0.258s] Level 1:colcon.colcon_core.package_identification:_identify(install) by extension 'ignore'
[0.258s] Level 1:colcon.colcon_core.package_identification:_identify(install) ignored
[0.258s] Level 1:colcon.colcon_core.package_identification:_identify(log) by extensions ['ignore', 'ignore_ament_install']
[0.258s] Level 1:colcon.colcon_core.package_identification:_identify(log) by extension 'ignore'
[0.258s] Level 1:colcon.colcon_core.package_identification:_identify(log) ignored
[0.258s] Level 1:colcon.colcon_core.package_discovery:discover_packages(recursive) using defaults
[0.258s] Level 1:colcon.colcon_core.package_discovery:discover_packages(ignore) discover
[0.258s] Level 1:colcon.colcon_core.package_discovery:discover_packages(ignore) using defaults
[0.258s] Level 1:colcon.colcon_core.package_discovery:discover_packages(path) discover
[0.258s] Level 1:colcon.colcon_core.package_discovery:discover_packages(path) using defaults
[0.273s] Level 1:colcon.colcon_core.package_discovery:discover_packages(prefix_path) check parameters
[0.273s] Level 1:colcon.colcon_core.package_discovery:discover_packages(prefix_path) discover
[0.273s] WARNING:colcon.colcon_core.prefix_path.colcon:The path '/home/phuc/working/a1_sim/unitree_ros2/install' in the environment variable COLCON_PREFIX_PATH doesn't exist
[0.273s] WARNING:colcon.colcon_core.prefix_path.colcon:The path '/home/phuc/working/a1_sim/unitree_ros2/unitree_description/a1_description/install' in the environment variable COLCON_PREFIX_PATH doesn't exist
[0.273s] WARNING:colcon.colcon_ros.prefix_path.ament:The path '/home/phuc/working/a1_sim/unitree_ros2/unitree_description/install/a1_description' in the environment variable AMENT_PREFIX_PATH doesn't exist
[0.273s] WARNING:colcon.colcon_ros.prefix_path.ament:The path '/home/phuc/working/a1_sim/unitree_ros2/unitree_description/a1_description/install/a1_description' in the environment variable AMENT_PREFIX_PATH doesn't exist
[0.273s] WARNING:colcon.colcon_ros.prefix_path.ament:The path '/home/phuc/working/a1_sim/unitree_ros2/install/unitree_teleop' in the environment variable AMENT_PREFIX_PATH doesn't exist
[0.273s] WARNING:colcon.colcon_ros.prefix_path.ament:The path '/home/phuc/working/a1_sim/unitree_ros2/install/unitree_msgs' in the environment variable AMENT_PREFIX_PATH doesn't exist
[0.274s] WARNING:colcon.colcon_ros.prefix_path.ament:The path '/home/phuc/working/a1_sim/unitree_ros2/install/a1_description' in the environment variable AMENT_PREFIX_PATH doesn't exist
[0.274s] WARNING:colcon.colcon_ros.prefix_path.ament:The path '/home/phuc/working/a1_sim/unitree_ros2/install/unitree_hardware' in the environment variable AMENT_PREFIX_PATH doesn't exist
[0.274s] WARNING:colcon.colcon_ros.prefix_path.ament:The path '/home/phuc/working/a1_sim/unitree_ros2/install/unitree_gazebo' in the environment variable AMENT_PREFIX_PATH doesn't exist
[0.274s] WARNING:colcon.colcon_ros.prefix_path.catkin:The path '/home/phuc/working/a1_sim/unitree_ros2/unitree_description/install/a1_description' in the environment variable CMAKE_PREFIX_PATH doesn't exist
[0.274s] WARNING:colcon.colcon_ros.prefix_path.catkin:The path '/home/phuc/working/a1_sim/unitree_ros2/unitree_description/a1_description/install/a1_description' in the environment variable CMAKE_PREFIX_PATH doesn't exist
[0.274s] WARNING:colcon.colcon_ros.prefix_path.catkin:The path '/home/phuc/working/a1_sim/unitree_ros2/install/unitree_msgs' in the environment variable CMAKE_PREFIX_PATH doesn't exist
[0.274s] WARNING:colcon.colcon_ros.prefix_path.catkin:The path '/home/phuc/working/a1_sim/unitree_ros2/install/a1_description' in the environment variable CMAKE_PREFIX_PATH doesn't exist
[0.274s] WARNING:colcon.colcon_ros.prefix_path.catkin:The path '/home/phuc/working/a1_sim/unitree_ros2/install/unitree_hardware' in the environment variable CMAKE_PREFIX_PATH doesn't exist
[0.274s] WARNING:colcon.colcon_ros.prefix_path.catkin:The path '/home/phuc/working/a1_sim/unitree_ros2/install/unitree_gazebo' in the environment variable CMAKE_PREFIX_PATH doesn't exist
[0.274s] WARNING:colcon.colcon_ros.prefix_path.catkin:The path '/home/phuc/working/a1_sim/unitree_ros2/install/lcm' in the environment variable CMAKE_PREFIX_PATH doesn't exist
[0.274s] DEBUG:colcon.colcon_installed_package_information.package_discovery:Found 0 installed packages in /home/phuc/working/a1_sim/unitree_ros2/unitree_description/install
[0.276s] DEBUG:colcon.colcon_installed_package_information.package_discovery:Found 358 installed packages in /opt/ros/humble
[0.277s] Level 1:colcon.colcon_core.package_discovery:discover_packages(prefix_path) using defaults
[0.313s] Level 5:colcon.colcon_core.verb:set package 'a1_description' build argument 'cmake_args' from command line to 'None'
[0.313s] Level 5:colcon.colcon_core.verb:set package 'a1_description' build argument 'cmake_target' from command line to 'None'
[0.313s] Level 5:colcon.colcon_core.verb:set package 'a1_description' build argument 'cmake_target_skip_unavailable' from command line to 'False'
[0.313s] Level 5:colcon.colcon_core.verb:set package 'a1_description' build argument 'cmake_clean_cache' from command line to 'False'
[0.313s] Level 5:colcon.colcon_core.verb:set package 'a1_description' build argument 'cmake_clean_first' from command line to 'False'
[0.313s] Level 5:colcon.colcon_core.verb:set package 'a1_description' build argument 'cmake_force_configure' from command line to 'False'
[0.313s] Level 5:colcon.colcon_core.verb:set package 'a1_description' build argument 'ament_cmake_args' from command line to 'None'
[0.313s] Level 5:colcon.colcon_core.verb:set package 'a1_description' build argument 'catkin_cmake_args' from command line to 'None'
[0.313s] Level 5:colcon.colcon_core.verb:set package 'a1_description' build argument 'catkin_skip_building_tests' from command line to 'False'
[0.313s] DEBUG:colcon.colcon_core.verb:Building package 'a1_description' with the following arguments: {'ament_cmake_args': None, 'build_base': '/home/phuc/working/a1_sim/unitree_ros2/unitree_description/build/a1_description', 'catkin_cmake_args': None, 'catkin_skip_building_tests': False, 'cmake_args': None, 'cmake_clean_cache': False, 'cmake_clean_first': False, 'cmake_force_configure': False, 'cmake_target': None, 'cmake_target_skip_unavailable': False, 'install_base': '/home/phuc/working/a1_sim/unitree_ros2/unitree_description/install/a1_description', 'merge_install': False, 'path': '/home/phuc/working/a1_sim/unitree_ros2/unitree_description/a1_description', 'symlink_install': False, 'test_result_base': None}
[0.313s] INFO:colcon.colcon_core.executor:Executing jobs using 'parallel' executor
[0.315s] DEBUG:colcon.colcon_parallel_executor.executor.parallel:run_until_complete
[0.315s] INFO:colcon.colcon_ros.task.ament_cmake.build:Building ROS package in '/home/phuc/working/a1_sim/unitree_ros2/unitree_description/a1_description' with build type 'ament_cmake'
[0.315s] INFO:colcon.colcon_cmake.task.cmake.build:Building CMake package in '/home/phuc/working/a1_sim/unitree_ros2/unitree_description/a1_description'
[0.317s] INFO:colcon.colcon_core.plugin_system:Skipping extension 'colcon_core.shell.bat': Not used on non-Windows systems
[0.317s] INFO:colcon.colcon_core.shell:Skip shell extension 'powershell' for command environment: Not usable outside of PowerShell
[0.317s] DEBUG:colcon.colcon_core.shell:Skip shell extension 'dsv' for command environment
[0.325s] DEBUG:colcon.colcon_core.event_handler.log_command:Invoking command in '/home/phuc/working/a1_sim/unitree_ros2/unitree_description/build/a1_description': CMAKE_PREFIX_PATH=${CMAKE_PREFIX_PATH}:/home/phuc/working/a1_sim/unitree_ros2/install/unitree_teleop:/opt/ros/humble /usr/bin/cmake /home/phuc/working/a1_sim/unitree_ros2/unitree_description/a1_description -DCMAKE_INSTALL_PREFIX=/home/phuc/working/a1_sim/unitree_ros2/unitree_description/install/a1_description
[0.868s] DEBUG:colcon.colcon_core.event_handler.log_command:Invoked command in '/home/phuc/working/a1_sim/unitree_ros2/unitree_description/build/a1_description' returned '0': CMAKE_PREFIX_PATH=${CMAKE_PREFIX_PATH}:/home/phuc/working/a1_sim/unitree_ros2/install/unitree_teleop:/opt/ros/humble /usr/bin/cmake /home/phuc/working/a1_sim/unitree_ros2/unitree_description/a1_description -DCMAKE_INSTALL_PREFIX=/home/phuc/working/a1_sim/unitree_ros2/unitree_description/install/a1_description
[0.870s] DEBUG:colcon.colcon_core.event_handler.log_command:Invoking command in '/home/phuc/working/a1_sim/unitree_ros2/unitree_description/build/a1_description': CMAKE_PREFIX_PATH=${CMAKE_PREFIX_PATH}:/home/phuc/working/a1_sim/unitree_ros2/install/unitree_teleop:/opt/ros/humble /usr/bin/cmake --build /home/phuc/working/a1_sim/unitree_ros2/unitree_description/build/a1_description -- -j12 -l12
[0.903s] DEBUG:colcon.colcon_core.event_handler.log_command:Invoked command in '/home/phuc/working/a1_sim/unitree_ros2/unitree_description/build/a1_description' returned '0': CMAKE_PREFIX_PATH=${CMAKE_PREFIX_PATH}:/home/phuc/working/a1_sim/unitree_ros2/install/unitree_teleop:/opt/ros/humble /usr/bin/cmake --build /home/phuc/working/a1_sim/unitree_ros2/unitree_description/build/a1_description -- -j12 -l12
[0.930s] DEBUG:colcon.colcon_core.event_handler.log_command:Invoking command in '/home/phuc/working/a1_sim/unitree_ros2/unitree_description/build/a1_description': CMAKE_PREFIX_PATH=${CMAKE_PREFIX_PATH}:/home/phuc/working/a1_sim/unitree_ros2/install/unitree_teleop:/opt/ros/humble /usr/bin/cmake --install /home/phuc/working/a1_sim/unitree_ros2/unitree_description/build/a1_description
[0.956s] Level 1:colcon.colcon_core.environment:create_environment_scripts_only(a1_description)
[0.956s] DEBUG:colcon.colcon_core.event_handler.log_command:Invoked command in '/home/phuc/working/a1_sim/unitree_ros2/unitree_description/build/a1_description' returned '0': CMAKE_PREFIX_PATH=${CMAKE_PREFIX_PATH}:/home/phuc/working/a1_sim/unitree_ros2/install/unitree_teleop:/opt/ros/humble /usr/bin/cmake --install /home/phuc/working/a1_sim/unitree_ros2/unitree_description/build/a1_description
[0.958s] Level 1:colcon.colcon_core.environment:checking '/home/phuc/working/a1_sim/unitree_ros2/unitree_description/install/a1_description' for CMake module files
[0.958s] Level 1:colcon.colcon_core.environment:checking '/home/phuc/working/a1_sim/unitree_ros2/unitree_description/install/a1_description' for CMake config files
[0.959s] Level 1:colcon.colcon_core.shell:create_environment_hook('a1_description', 'cmake_prefix_path')
[0.959s] INFO:colcon.colcon_core.shell:Creating environment hook '/home/phuc/working/a1_sim/unitree_ros2/unitree_description/install/a1_description/share/a1_description/hook/cmake_prefix_path.ps1'
[0.959s] INFO:colcon.colcon_core.shell:Creating environment descriptor '/home/phuc/working/a1_sim/unitree_ros2/unitree_description/install/a1_description/share/a1_description/hook/cmake_prefix_path.dsv'
[0.960s] INFO:colcon.colcon_core.shell:Creating environment hook '/home/phuc/working/a1_sim/unitree_ros2/unitree_description/install/a1_description/share/a1_description/hook/cmake_prefix_path.sh'
[0.960s] Level 1:colcon.colcon_core.environment:checking '/home/phuc/working/a1_sim/unitree_ros2/unitree_description/install/a1_description/bin'
[0.960s] Level 1:colcon.colcon_core.environment:checking '/home/phuc/working/a1_sim/unitree_ros2/unitree_description/install/a1_description/lib/pkgconfig/a1_description.pc'
[0.961s] Level 1:colcon.colcon_core.environment:checking '/home/phuc/working/a1_sim/unitree_ros2/unitree_description/install/a1_description/lib/python3.10/site-packages'
[0.961s] Level 1:colcon.colcon_core.environment:checking '/home/phuc/working/a1_sim/unitree_ros2/unitree_description/install/a1_description/bin'
[0.961s] INFO:colcon.colcon_core.shell:Creating package script '/home/phuc/working/a1_sim/unitree_ros2/unitree_description/install/a1_description/share/a1_description/package.ps1'
[0.962s] INFO:colcon.colcon_core.shell:Creating package descriptor '/home/phuc/working/a1_sim/unitree_ros2/unitree_description/install/a1_description/share/a1_description/package.dsv'
[0.962s] INFO:colcon.colcon_core.shell:Creating package script '/home/phuc/working/a1_sim/unitree_ros2/unitree_description/install/a1_description/share/a1_description/package.sh'
[0.962s] INFO:colcon.colcon_core.shell:Creating package script '/home/phuc/working/a1_sim/unitree_ros2/unitree_description/install/a1_description/share/a1_description/package.bash'
[0.963s] INFO:colcon.colcon_core.shell:Creating package script '/home/phuc/working/a1_sim/unitree_ros2/unitree_description/install/a1_description/share/a1_description/package.zsh'
[0.963s] Level 1:colcon.colcon_core.environment:create_file_with_runtime_dependencies(/home/phuc/working/a1_sim/unitree_ros2/unitree_description/install/a1_description/share/colcon-core/packages/a1_description)
[0.984s] Level 1:colcon.colcon_core.environment:create_environment_scripts_only(a1_description)
[0.985s] Level 1:colcon.colcon_core.environment:checking '/home/phuc/working/a1_sim/unitree_ros2/unitree_description/install/a1_description' for CMake module files
[0.985s] Level 1:colcon.colcon_core.environment:checking '/home/phuc/working/a1_sim/unitree_ros2/unitree_description/install/a1_description' for CMake config files
[0.985s] Level 1:colcon.colcon_core.shell:create_environment_hook('a1_description', 'cmake_prefix_path')
[0.985s] INFO:colcon.colcon_core.shell:Creating environment hook '/home/phuc/working/a1_sim/unitree_ros2/unitree_description/install/a1_description/share/a1_description/hook/cmake_prefix_path.ps1'
[0.986s] INFO:colcon.colcon_core.shell:Creating environment descriptor '/home/phuc/working/a1_sim/unitree_ros2/unitree_description/install/a1_description/share/a1_description/hook/cmake_prefix_path.dsv'
[0.986s] INFO:colcon.colcon_core.shell:Creating environment hook '/home/phuc/working/a1_sim/unitree_ros2/unitree_description/install/a1_description/share/a1_description/hook/cmake_prefix_path.sh'
[0.986s] Level 1:colcon.colcon_core.environment:checking '/home/phuc/working/a1_sim/unitree_ros2/unitree_description/install/a1_description/bin'
[0.986s] Level 1:colcon.colcon_core.environment:checking '/home/phuc/working/a1_sim/unitree_ros2/unitree_description/install/a1_description/lib/pkgconfig/a1_description.pc'
[0.987s] Level 1:colcon.colcon_core.environment:checking '/home/phuc/working/a1_sim/unitree_ros2/unitree_description/install/a1_description/lib/python3.10/site-packages'
[0.987s] Level 1:colcon.colcon_core.environment:checking '/home/phuc/working/a1_sim/unitree_ros2/unitree_description/install/a1_description/bin'
[0.987s] INFO:colcon.colcon_core.shell:Creating package script '/home/phuc/working/a1_sim/unitree_ros2/unitree_description/install/a1_description/share/a1_description/package.ps1'
[0.987s] INFO:colcon.colcon_core.shell:Creating package descriptor '/home/phuc/working/a1_sim/unitree_ros2/unitree_description/install/a1_description/share/a1_description/package.dsv'
[0.988s] INFO:colcon.colcon_core.shell:Creating package script '/home/phuc/working/a1_sim/unitree_ros2/unitree_description/install/a1_description/share/a1_description/package.sh'
[0.988s] INFO:colcon.colcon_core.shell:Creating package script '/home/phuc/working/a1_sim/unitree_ros2/unitree_description/install/a1_description/share/a1_description/package.bash'
[0.988s] INFO:colcon.colcon_core.shell:Creating package script '/home/phuc/working/a1_sim/unitree_ros2/unitree_description/install/a1_description/share/a1_description/package.zsh'
[0.989s] Level 1:colcon.colcon_core.environment:create_file_with_runtime_dependencies(/home/phuc/working/a1_sim/unitree_ros2/unitree_description/install/a1_description/share/colcon-core/packages/a1_description)
[0.989s] DEBUG:colcon.colcon_parallel_executor.executor.parallel:closing loop
[0.989s] DEBUG:colcon.colcon_parallel_executor.executor.parallel:loop closed
[0.989s] DEBUG:colcon.colcon_parallel_executor.executor.parallel:run_until_complete finished with '0'
[0.989s] DEBUG:colcon.colcon_core.event_reactor:joining thread
[0.994s] INFO:colcon.colcon_core.plugin_system:Skipping extension 'colcon_notification.desktop_notification.terminal_notifier': Not used on non-Darwin systems
[0.994s] INFO:colcon.colcon_core.plugin_system:Skipping extension 'colcon_notification.desktop_notification.win32': Not used on non-Windows systems
[0.994s] INFO:colcon.colcon_notification.desktop_notification:Sending desktop notification using 'notify2'
[1.003s] DEBUG:colcon.colcon_core.event_reactor:joined thread
[1.003s] INFO:colcon.colcon_core.shell:Creating prefix script '/home/phuc/working/a1_sim/unitree_ros2/unitree_description/install/local_setup.ps1'
[1.005s] INFO:colcon.colcon_core.shell:Creating prefix util module '/home/phuc/working/a1_sim/unitree_ros2/unitree_description/install/_local_setup_util_ps1.py'
[1.006s] INFO:colcon.colcon_core.shell:Creating prefix chain script '/home/phuc/working/a1_sim/unitree_ros2/unitree_description/install/setup.ps1'
[1.007s] INFO:colcon.colcon_core.shell:Creating prefix script '/home/phuc/working/a1_sim/unitree_ros2/unitree_description/install/local_setup.sh'
[1.007s] INFO:colcon.colcon_core.shell:Creating prefix util module '/home/phuc/working/a1_sim/unitree_ros2/unitree_description/install/_local_setup_util_sh.py'
[1.008s] INFO:colcon.colcon_core.shell:Creating prefix chain script '/home/phuc/working/a1_sim/unitree_ros2/unitree_description/install/setup.sh'
[1.009s] INFO:colcon.colcon_core.shell:Creating prefix script '/home/phuc/working/a1_sim/unitree_ros2/unitree_description/install/local_setup.bash'
[1.009s] INFO:colcon.colcon_core.shell:Creating prefix chain script '/home/phuc/working/a1_sim/unitree_ros2/unitree_description/install/setup.bash'
[1.010s] INFO:colcon.colcon_core.shell:Creating prefix script '/home/phuc/working/a1_sim/unitree_ros2/unitree_description/install/local_setup.zsh'
[1.010s] INFO:colcon.colcon_core.shell:Creating prefix chain script '/home/phuc/working/a1_sim/unitree_ros2/unitree_description/install/setup.zsh'
