[0.011s] Invoking command in '/home/phuc/working/a1_sim/unitree_ros2/unitree_description/build/a1_description': CMAKE_PREFIX_PATH=/opt/ros/humble PS1=${debian_chroot:+($debian_chroot)}\[\033[01;38;2;51;218;122m\]\u@\h\[\033[00m\]:\[\033[01;38;2;18;72;139m\]\[\033[01;01;38;2;18;72;139m\]\w\[\033[00;38;2;18;72;139m\]\[\033[01;38;2;163;71;186m\]$(parse_git_branch)\[\033[00m\]\$ /usr/bin/cmake --build /home/phuc/working/a1_sim/unitree_ros2/unitree_description/build/a1_description -- -j12 -l12
[0.081s] Invoked command in '/home/phuc/working/a1_sim/unitree_ros2/unitree_description/build/a1_description' returned '0': CMAKE_PREFIX_PATH=/opt/ros/humble PS1=${debian_chroot:+($debian_chroot)}\[\033[01;38;2;51;218;122m\]\u@\h\[\033[00m\]:\[\033[01;38;2;18;72;139m\]\[\033[01;01;38;2;18;72;139m\]\w\[\033[00;38;2;18;72;139m\]\[\033[01;38;2;163;71;186m\]$(parse_git_branch)\[\033[00m\]\$ /usr/bin/cmake --build /home/phuc/working/a1_sim/unitree_ros2/unitree_description/build/a1_description -- -j12 -l12
[0.109s] Invoking command in '/home/phuc/working/a1_sim/unitree_ros2/unitree_description/build/a1_description': CMAKE_PREFIX_PATH=/opt/ros/humble PS1=${debian_chroot:+($debian_chroot)}\[\033[01;38;2;51;218;122m\]\u@\h\[\033[00m\]:\[\033[01;38;2;18;72;139m\]\[\033[01;01;38;2;18;72;139m\]\w\[\033[00;38;2;18;72;139m\]\[\033[01;38;2;163;71;186m\]$(parse_git_branch)\[\033[00m\]\$ /usr/bin/cmake --install /home/phuc/working/a1_sim/unitree_ros2/unitree_description/build/a1_description
[0.116s] -- Install configuration: ""
[0.116s] -- Up-to-date: /home/phuc/working/a1_sim/unitree_ros2/unitree_description/install/a1_description/share/a1_description/launch
[0.116s] -- Installing: /home/phuc/working/a1_sim/unitree_ros2/unitree_description/install/a1_description/share/a1_description/launch/a1_urdf.launch.py
[0.116s] -- Up-to-date: /home/phuc/working/a1_sim/unitree_ros2/unitree_description/install/a1_description/share/a1_description/launch/a1.launch.py
[0.117s] -- Up-to-date: /home/phuc/working/a1_sim/unitree_ros2/unitree_description/install/a1_description/share/a1_description/launch/a1.rviz
[0.117s] -- Up-to-date: /home/phuc/working/a1_sim/unitree_ros2/unitree_description/install/a1_description/share/a1_description/meshes
[0.117s] -- Up-to-date: /home/phuc/working/a1_sim/unitree_ros2/unitree_description/install/a1_description/share/a1_description/meshes/trunk.dae
[0.117s] -- Up-to-date: /home/phuc/working/a1_sim/unitree_ros2/unitree_description/install/a1_description/share/a1_description/meshes/trunk_A1.png
[0.117s] -- Up-to-date: /home/phuc/working/a1_sim/unitree_ros2/unitree_description/install/a1_description/share/a1_description/meshes/hip.dae
[0.117s] -- Up-to-date: /home/phuc/working/a1_sim/unitree_ros2/unitree_description/install/a1_description/share/a1_description/meshes/calf.dae
[0.117s] -- Up-to-date: /home/phuc/working/a1_sim/unitree_ros2/unitree_description/install/a1_description/share/a1_description/meshes/thigh.dae
[0.117s] -- Up-to-date: /home/phuc/working/a1_sim/unitree_ros2/unitree_description/install/a1_description/share/a1_description/meshes/thigh_mirror.dae
[0.117s] -- Up-to-date: /home/phuc/working/a1_sim/unitree_ros2/unitree_description/install/a1_description/share/a1_description/urdf
[0.117s] -- Up-to-date: /home/phuc/working/a1_sim/unitree_ros2/unitree_description/install/a1_description/share/a1_description/urdf/a1.urdf
[0.117s] -- Up-to-date: /home/phuc/working/a1_sim/unitree_ros2/unitree_description/install/a1_description/share/ament_index/resource_index/package_run_dependencies/a1_description
[0.117s] -- Up-to-date: /home/phuc/working/a1_sim/unitree_ros2/unitree_description/install/a1_description/share/ament_index/resource_index/parent_prefix_path/a1_description
[0.117s] -- Up-to-date: /home/phuc/working/a1_sim/unitree_ros2/unitree_description/install/a1_description/share/a1_description/environment/ament_prefix_path.sh
[0.117s] -- Up-to-date: /home/phuc/working/a1_sim/unitree_ros2/unitree_description/install/a1_description/share/a1_description/environment/ament_prefix_path.dsv
[0.117s] -- Up-to-date: /home/phuc/working/a1_sim/unitree_ros2/unitree_description/install/a1_description/share/a1_description/environment/path.sh
[0.117s] -- Up-to-date: /home/phuc/working/a1_sim/unitree_ros2/unitree_description/install/a1_description/share/a1_description/environment/path.dsv
[0.117s] -- Up-to-date: /home/phuc/working/a1_sim/unitree_ros2/unitree_description/install/a1_description/share/a1_description/local_setup.bash
[0.117s] -- Up-to-date: /home/phuc/working/a1_sim/unitree_ros2/unitree_description/install/a1_description/share/a1_description/local_setup.sh
[0.118s] -- Up-to-date: /home/phuc/working/a1_sim/unitree_ros2/unitree_description/install/a1_description/share/a1_description/local_setup.zsh
[0.118s] -- Up-to-date: /home/phuc/working/a1_sim/unitree_ros2/unitree_description/install/a1_description/share/a1_description/local_setup.dsv
[0.118s] -- Installing: /home/phuc/working/a1_sim/unitree_ros2/unitree_description/install/a1_description/share/a1_description/package.dsv
[0.118s] -- Up-to-date: /home/phuc/working/a1_sim/unitree_ros2/unitree_description/install/a1_description/share/ament_index/resource_index/packages/a1_description
[0.118s] -- Up-to-date: /home/phuc/working/a1_sim/unitree_ros2/unitree_description/install/a1_description/share/a1_description/cmake/a1_descriptionConfig.cmake
[0.118s] -- Up-to-date: /home/phuc/working/a1_sim/unitree_ros2/unitree_description/install/a1_description/share/a1_description/cmake/a1_descriptionConfig-version.cmake
[0.118s] -- Up-to-date: /home/phuc/working/a1_sim/unitree_ros2/unitree_description/install/a1_description/share/a1_description/package.xml
[0.120s] Invoked command in '/home/phuc/working/a1_sim/unitree_ros2/unitree_description/build/a1_description' returned '0': CMAKE_PREFIX_PATH=/opt/ros/humble PS1=${debian_chroot:+($debian_chroot)}\[\033[01;38;2;51;218;122m\]\u@\h\[\033[00m\]:\[\033[01;38;2;18;72;139m\]\[\033[01;01;38;2;18;72;139m\]\w\[\033[00;38;2;18;72;139m\]\[\033[01;38;2;163;71;186m\]$(parse_git_branch)\[\033[00m\]\$ /usr/bin/cmake --install /home/phuc/working/a1_sim/unitree_ros2/unitree_description/build/a1_description
