-- Install configuration: ""
-- Up-to-date: /home/phuc/working/a1_sim/unitree_ros2/unitree_description/install/a1_description/share/a1_description/launch
-- Up-to-date: /home/phuc/working/a1_sim/unitree_ros2/unitree_description/install/a1_description/share/a1_description/launch/a1_urdf.launch.py
-- Installing: /home/phuc/working/a1_sim/unitree_ros2/unitree_description/install/a1_description/share/a1_description/launch/a1.launch.py
-- Up-to-date: /home/phuc/working/a1_sim/unitree_ros2/unitree_description/install/a1_description/share/a1_description/launch/a1.rviz
-- Up-to-date: /home/phuc/working/a1_sim/unitree_ros2/unitree_description/install/a1_description/share/a1_description/meshes
-- Up-to-date: /home/phuc/working/a1_sim/unitree_ros2/unitree_description/install/a1_description/share/a1_description/meshes/trunk.dae
-- Up-to-date: /home/phuc/working/a1_sim/unitree_ros2/unitree_description/install/a1_description/share/a1_description/meshes/trunk_A1.png
-- Up-to-date: /home/phuc/working/a1_sim/unitree_ros2/unitree_description/install/a1_description/share/a1_description/meshes/hip.dae
-- Up-to-date: /home/phuc/working/a1_sim/unitree_ros2/unitree_description/install/a1_description/share/a1_description/meshes/calf.dae
-- Up-to-date: /home/phuc/working/a1_sim/unitree_ros2/unitree_description/install/a1_description/share/a1_description/meshes/thigh.dae
-- Up-to-date: /home/phuc/working/a1_sim/unitree_ros2/unitree_description/install/a1_description/share/a1_description/meshes/thigh_mirror.dae
-- Up-to-date: /home/phuc/working/a1_sim/unitree_ros2/unitree_description/install/a1_description/share/a1_description/urdf
-- Up-to-date: /home/phuc/working/a1_sim/unitree_ros2/unitree_description/install/a1_description/share/a1_description/urdf/a1.urdf
-- Up-to-date: /home/phuc/working/a1_sim/unitree_ros2/unitree_description/install/a1_description/share/a1_description/xacro
-- Up-to-date: /home/phuc/working/a1_sim/unitree_ros2/unitree_description/install/a1_description/share/a1_description/xacro/stairs.xacro
-- Up-to-date: /home/phuc/working/a1_sim/unitree_ros2/unitree_description/install/a1_description/share/a1_description/xacro/ros2_control.xacro
-- Up-to-date: /home/phuc/working/a1_sim/unitree_ros2/unitree_description/install/a1_description/share/a1_description/xacro/robot.xacro
-- Up-to-date: /home/phuc/working/a1_sim/unitree_ros2/unitree_description/install/a1_description/share/a1_description/xacro/gazebo.xacro
-- Up-to-date: /home/phuc/working/a1_sim/unitree_ros2/unitree_description/install/a1_description/share/a1_description/xacro/materials.xacro
-- Up-to-date: /home/phuc/working/a1_sim/unitree_ros2/unitree_description/install/a1_description/share/a1_description/xacro/transmission.xacro
-- Up-to-date: /home/phuc/working/a1_sim/unitree_ros2/unitree_description/install/a1_description/share/a1_description/xacro/const.xacro
-- Up-to-date: /home/phuc/working/a1_sim/unitree_ros2/unitree_description/install/a1_description/share/a1_description/xacro/leg.xacro
-- Up-to-date: /home/phuc/working/a1_sim/unitree_ros2/unitree_description/install/a1_description/share/ament_index/resource_index/package_run_dependencies/a1_description
-- Up-to-date: /home/phuc/working/a1_sim/unitree_ros2/unitree_description/install/a1_description/share/ament_index/resource_index/parent_prefix_path/a1_description
-- Up-to-date: /home/phuc/working/a1_sim/unitree_ros2/unitree_description/install/a1_description/share/a1_description/environment/ament_prefix_path.sh
-- Up-to-date: /home/phuc/working/a1_sim/unitree_ros2/unitree_description/install/a1_description/share/a1_description/environment/ament_prefix_path.dsv
-- Up-to-date: /home/phuc/working/a1_sim/unitree_ros2/unitree_description/install/a1_description/share/a1_description/environment/path.sh
-- Up-to-date: /home/phuc/working/a1_sim/unitree_ros2/unitree_description/install/a1_description/share/a1_description/environment/path.dsv
-- Up-to-date: /home/phuc/working/a1_sim/unitree_ros2/unitree_description/install/a1_description/share/a1_description/local_setup.bash
-- Up-to-date: /home/phuc/working/a1_sim/unitree_ros2/unitree_description/install/a1_description/share/a1_description/local_setup.sh
-- Up-to-date: /home/phuc/working/a1_sim/unitree_ros2/unitree_description/install/a1_description/share/a1_description/local_setup.zsh
-- Up-to-date: /home/phuc/working/a1_sim/unitree_ros2/unitree_description/install/a1_description/share/a1_description/local_setup.dsv
-- Installing: /home/phuc/working/a1_sim/unitree_ros2/unitree_description/install/a1_description/share/a1_description/package.dsv
-- Up-to-date: /home/phuc/working/a1_sim/unitree_ros2/unitree_description/install/a1_description/share/ament_index/resource_index/packages/a1_description
-- Up-to-date: /home/phuc/working/a1_sim/unitree_ros2/unitree_description/install/a1_description/share/a1_description/cmake/a1_descriptionConfig.cmake
-- Up-to-date: /home/phuc/working/a1_sim/unitree_ros2/unitree_description/install/a1_description/share/a1_description/cmake/a1_descriptionConfig-version.cmake
-- Up-to-date: /home/phuc/working/a1_sim/unitree_ros2/unitree_description/install/a1_description/share/a1_description/package.xml
